<?xml version="1.0" encoding="UTF-8"?>
<testsuite name="com.example.project.TestDay2" tests="1" skipped="0" failures="0" errors="0" timestamp="2024-12-19T14:00:23" hostname="codespaces-b5d5bd" time="0.011">
  <properties/>
  <testcase name="testSortNames()" classname="com.example.project.TestDay2" time="0.011"/>
  <system-out><![CDATA[John Lucy Nina Roxy Andrew Elsa Ruby null null null null null 
Matt Henry Donnie Sasha Mohammad null null null null null null null 
]]></system-out>
  <system-err><![CDATA[]]></system-err>
</testsuite>
